hopper-runner: idle watchdog disabled (bufferedOutput vendor) — ceiling-only timeout applies (1800000ms)
{
  "text": "I'll research OpenClaw, Hermes Agent, and new-api facts for T-005 and write findings to the required handoff output. Gathering local task context and starting targeted web searches.Writing the research deliverable with confirmed facts and sources.## T-005 完成\n\n研究结果已写入 `.hopper/handoffs/T-005-output.md`（只读调研，仅该文件）。\n\n### 核心硬事实（浓缩）\n\n| 域 | 确认 | 未能确认 |\n|----|------|----------|\n| **OpenClaw** | `sessions.create` / `sessions.abort` / `chat.abort` / `sessions.delete` / `sessions.reset`；事件有 `seq` 且**官方明文不重放**；`runId` 可取消指定 run；审批以 approval id + first-answer-wins + timeout→deny | 无 `sessions.stop`；无 `capabilities_changed` 事件；abort 与 delete 非原子 |\n| **Hermes** | ACP 动词 = new/load/resume/fork/list/**cancel**；cancel 中断当前 prompt；CLI 有 `hermes sessions delete`；ACP 审批 allow_once/session/always/deny，超时 deny | ACP 无 delete/destroy/stop；CLI TTY 审批无公开可编程协议 |\n| **new-api** | 用户可多 token（name/group/quota）；`/api/usage/token`、`/api/log/self*`、admin `/api/log/`；rpm/tpm 近 60s | 非 per-request token；无已确认结算 webhook；客户端 correlation id 回查未确认 |\n\n### Verdict\n\n**PASS** — 足以支撑 D1 v2（openclaw + hermes）重设计事实基线。\n\n### Next\n\n把已确认条款回写 facts 基线；KernelPort 勿假设 `capabilities_changed` / 事件重放 / Hermes ACP delete / newapi webhook；成本归因用 **token-per-session** + log 过滤。",
  "stopReason": "EndTurn",
  "sessionId": "019f8392-311c-7400-bf1c-2d702c7ef088",
  "requestId": "70d58ecc-eaa6-433b-88ba-a392cc4b927a",
  "thought": "The user wants me to execute a research task (T-005) as a terminal worker. I need to research OpenClaw, Hermes Agent, and new-api/newapi facts based on the specific research questions. I should:\nLet me dig deeper into OpenClaw API docs, Hermes Agent, and new-api documentation.Good findings so far on OpenClaw. Let me dig deeper into the protocol page and session methods.I have excellent OpenClaw protocol details. Let me get more specific details on:Good progress. Let me get more on:Let me get more details on new-api and OpenClaw remaining questions.Let me get more details on new-api management API for tokens and logs, and Hermes CLI sessions delete, and OpenClaw approval RPC shapes.The docs page seems incomplete (SPA). Let me try doc.newapi.pro and GitHub for new-api.Let me get more on new-api token management, logs API, and OpenClaw clients page for reconnection.Excellent - I have solid OpenClaw facts now. Let me get new-api token management and log APIs, and Hermes remaining details.Let me try browsing the new-api GitHub for API routes related to tokens and logs.Let me fetch more specific new-api docs and OpenClaw approval details.Let me fetch the new-api-docs for log and token management from GitHub raw.I have enough information to write a comprehensive research output. Let me also quickly check Hermes sessions CLI delete and whether there's mid-session capability change for Hermes ACP, and new-api t...I have comprehensive research material. Now I'll write the output file to `.hopper/handoffs/T-005-output.md`.\nThere's already a T-005-output.md with minimal content - I need to overwrite it with the full research.Now I have enough to write a comprehensive T-005-output.md. The output should follow the prd-research shape while also having the A/B/C research sections as requested.\nLet me verify the file is complete and acceptance criteria can be checked.The A/B/C headers might use different format - let me check.The deliverable is complete. I'll provide a concise final summary for the hopper dispatch return.",
  "usage": {
    "input_tokens": 163704,
    "cache_read_input_tokens": 1656576,
    "output_tokens": 10650,
    "reasoning_tokens": 2335,
    "total_tokens": 1830930
  },
  "num_turns": 19,
  "total_cost_usd": 1.1314472,
  "total_cost_usd_ticks": 11314472000,
  "modelUsage": {
    "grok-4.5-build": {
      "inputTokens": 163704,
      "outputTokens": 10650,
      "cacheReadInputTokens": 1656576,
      "modelCalls": 19,
      "costUSD": 1.1314472
    }
  }
}
